<?xml version="1.0" encoding="UTF-8"?>
<testng-results ignored="0" total="1" passed="1" failed="0" skipped="0">
  <reporter-output>
  </reporter-output>
  <suite started-at="2023-07-16T10:07:23 IST" name="Default suite" finished-at="2023-07-16T10:07:35 IST" duration-ms="11912">
    <groups>
    </groups>
    <test started-at="2023-07-16T10:07:23 IST" name="Default test" finished-at="2023-07-16T10:07:35 IST" duration-ms="11912">
      <class name="DatabaseTesting.DatabaseTestingPage">
        <test-method signature="test_DataBase()[pri:1, instance:DatabaseTesting.DatabaseTestingPage@58ea606c]" started-at="2023-07-16T10:07:23 IST" name="test_DataBase" finished-at="2023-07-16T10:07:35 IST" duration-ms="11828" status="PASS">
          <reporter-output>
          </reporter-output>
        </test-method> <!-- test_DataBase -->
      </class> <!-- DatabaseTesting.DatabaseTestingPage -->
    </test> <!-- Default test -->
  </suite> <!-- Default suite -->
</testng-results>
